{"environment":"development","level":"info","memoryUsage":{"arrayBuffers":19097351,"external":22656881,"heapTotal":190513152,"heapUsed":83214712,"rss":220315648},"message":"Server started successfully","port":5001,"processId":43476,"timestamp":"2025-07-22T15:47:43.889Z"}
{"error":"setUserAsAdmin is not a function","level":"error","message":"Admin setup failed","timestamp":"2025-07-22T15:47:46.887Z"}
{"level":"info","message":"Background job registered: verifyProcessingWithdrawals","timestamp":"2025-07-22T15:47:46.890Z"}
{"level":"info","message":"Background job registered: verifyPendingWithdrawals","timestamp":"2025-07-22T15:47:46.891Z"}
{"level":"info","message":"Withdrawal verification jobs started","timestamp":"2025-07-22T15:47:46.891Z"}
{"level":"info","message":"✅ Started job: verifyProcessingWithdrawals","timestamp":"2025-07-22T15:47:46.891Z"}
{"level":"info","message":"✅ Started job: verifyPendingWithdrawals","timestamp":"2025-07-22T15:47:46.891Z"}
{"level":"info","message":"Application startup completed successfully","timestamp":"2025-07-22T15:47:46.891Z"}
{"environment":"development","level":"info","memoryUsage":{"arrayBuffers":19100343,"external":22664129,"heapTotal":192577536,"heapUsed":83532296,"rss":219217920},"message":"Server started successfully","port":5001,"processId":43557,"timestamp":"2025-07-22T15:48:11.711Z"}
{"level":"info","message":"Enhanced startup information displayed","timestamp":"2025-07-22T15:48:14.008Z"}
{"error":"setUserAsAdmin is not a function","level":"error","message":"Admin setup failed","timestamp":"2025-07-22T15:48:14.710Z"}
{"level":"info","message":"Background job registered: verifyProcessingWithdrawals","timestamp":"2025-07-22T15:48:14.718Z"}
{"level":"info","message":"Background job registered: verifyPendingWithdrawals","timestamp":"2025-07-22T15:48:14.718Z"}
{"level":"info","message":"Withdrawal verification jobs started","timestamp":"2025-07-22T15:48:14.719Z"}
{"level":"info","message":"✅ Started job: verifyProcessingWithdrawals","timestamp":"2025-07-22T15:48:14.719Z"}
{"level":"info","message":"✅ Started job: verifyPendingWithdrawals","timestamp":"2025-07-22T15:48:14.719Z"}
{"level":"info","message":"Application startup completed successfully","timestamp":"2025-07-22T15:48:14.720Z"}
{"environment":"development","level":"info","memoryUsage":{"arrayBuffers":19100343,"external":22664129,"heapTotal":191004672,"heapUsed":83798992,"rss":216219648},"message":"Server started successfully","port":5001,"processId":43626,"timestamp":"2025-07-22T15:49:36.496Z"}
{"error":"setUserAsAdmin is not a function","level":"error","message":"Admin setup failed","timestamp":"2025-07-22T15:49:39.496Z"}
{"level":"info","message":"Background job registered: verifyProcessingWithdrawals","timestamp":"2025-07-22T15:49:39.504Z"}
{"level":"info","message":"Background job registered: verifyPendingWithdrawals","timestamp":"2025-07-22T15:49:39.504Z"}
{"level":"info","message":"Withdrawal verification jobs started","timestamp":"2025-07-22T15:49:39.505Z"}
{"level":"info","message":"✅ Started job: verifyProcessingWithdrawals","timestamp":"2025-07-22T15:49:39.505Z"}
{"level":"info","message":"✅ Started job: verifyPendingWithdrawals","timestamp":"2025-07-22T15:49:39.505Z"}
{"level":"info","message":"Application startup completed successfully","timestamp":"2025-07-22T15:49:39.505Z"}
