{"level":"info","message":"Database reconnected successfully","timestamp":"2025-07-13T23:10:19.501Z"}
{"error":"Connection to ac-hwvsmsd-shard-00-01.uvjmhm9.mongodb.net:27017 interrupted due to server monitor timeout","level":"warn","message":"Database health check failed","timestamp":"2025-07-14T01:32:38.587Z"}
{"level":"warn","message":"Database disconnected","timestamp":"2025-07-14T01:49:54.790Z"}
{"level":"info","message":"Database connected successfully","timestamp":"2025-07-14T01:49:54.804Z"}
{"level":"info","message":"Database reconnected successfully","timestamp":"2025-07-14T01:49:54.804Z"}
{"level":"info","message":"Database reconnected successfully","timestamp":"2025-07-14T01:50:25.969Z"}
{"environment":"development","level":"info","memoryUsage":{"arrayBuffers":19100343,"external":22664129,"heapTotal":190808064,"heapUsed":79326088,"rss":167215104},"message":"Server started successfully","port":5001,"processId":60388,"timestamp":"2025-07-14T02:11:09.386Z"}
{"level":"info","message":"Enhanced startup information displayed","timestamp":"2025-07-14T02:11:09.716Z"}
{"error":"setUserAsAdmin is not a function","level":"error","message":"Admin setup failed","timestamp":"2025-07-14T02:11:12.386Z"}
{"level":"info","message":"Background job registered: verifyProcessingWithdrawals","timestamp":"2025-07-14T02:11:12.393Z"}
{"level":"info","message":"Background job registered: verifyPendingWithdrawals","timestamp":"2025-07-14T02:11:12.393Z"}
{"level":"info","message":"Withdrawal verification jobs started","timestamp":"2025-07-14T02:11:12.394Z"}
{"level":"info","message":"✅ Started job: verifyProcessingWithdrawals","timestamp":"2025-07-14T02:11:12.394Z"}
{"level":"info","message":"✅ Started job: verifyPendingWithdrawals","timestamp":"2025-07-14T02:11:12.394Z"}
{"level":"info","message":"Application startup completed successfully","timestamp":"2025-07-14T02:11:12.394Z"}
{"environment":"development","level":"info","memoryUsage":{"arrayBuffers":19089281,"external":22653067,"heapTotal":209158144,"heapUsed":77152400,"rss":211255296},"message":"Server started successfully","port":5001,"processId":60454,"timestamp":"2025-07-14T02:11:26.668Z"}
{"level":"info","message":"Enhanced startup information displayed","timestamp":"2025-07-14T02:11:28.925Z"}
{"error":"setUserAsAdmin is not a function","level":"error","message":"Admin setup failed","timestamp":"2025-07-14T02:11:29.665Z"}
{"level":"info","message":"Background job registered: verifyProcessingWithdrawals","timestamp":"2025-07-14T02:11:29.668Z"}
{"level":"info","message":"Background job registered: verifyPendingWithdrawals","timestamp":"2025-07-14T02:11:29.668Z"}
{"level":"info","message":"Withdrawal verification jobs started","timestamp":"2025-07-14T02:11:29.669Z"}
{"level":"info","message":"✅ Started job: verifyProcessingWithdrawals","timestamp":"2025-07-14T02:11:29.669Z"}
{"level":"info","message":"✅ Started job: verifyPendingWithdrawals","timestamp":"2025-07-14T02:11:29.669Z"}
{"level":"info","message":"Application startup completed successfully","timestamp":"2025-07-14T02:11:29.669Z"}
{"environment":"development","level":"info","memoryUsage":{"arrayBuffers":19100343,"external":22664129,"heapTotal":191594496,"heapUsed":79203752,"rss":173031424},"message":"Server started successfully","port":5001,"processId":60562,"timestamp":"2025-07-14T02:11:36.541Z"}
{"level":"info","message":"Enhanced startup information displayed","timestamp":"2025-07-14T02:11:38.817Z"}
{"error":"setUserAsAdmin is not a function","level":"error","message":"Admin setup failed","timestamp":"2025-07-14T02:11:39.543Z"}
{"level":"info","message":"Background job registered: verifyProcessingWithdrawals","timestamp":"2025-07-14T02:11:39.550Z"}
{"level":"info","message":"Background job registered: verifyPendingWithdrawals","timestamp":"2025-07-14T02:11:39.550Z"}
{"level":"info","message":"Withdrawal verification jobs started","timestamp":"2025-07-14T02:11:39.550Z"}
{"level":"info","message":"✅ Started job: verifyProcessingWithdrawals","timestamp":"2025-07-14T02:11:39.551Z"}
{"level":"info","message":"✅ Started job: verifyPendingWithdrawals","timestamp":"2025-07-14T02:11:39.551Z"}
{"level":"info","message":"Application startup completed successfully","timestamp":"2025-07-14T02:11:39.551Z"}
{"environment":"development","level":"info","memoryUsage":{"arrayBuffers":19100238,"external":22664024,"heapTotal":189235200,"heapUsed":78509168,"rss":171573248},"message":"Server started successfully","port":5001,"processId":60646,"timestamp":"2025-07-14T02:12:46.620Z"}
{"level":"info","message":"Enhanced startup information displayed","timestamp":"2025-07-14T02:12:46.929Z"}
{"error":"setUserAsAdmin is not a function","level":"error","message":"Admin setup failed","timestamp":"2025-07-14T02:12:49.620Z"}
{"level":"info","message":"Background job registered: verifyProcessingWithdrawals","timestamp":"2025-07-14T02:12:49.626Z"}
{"level":"info","message":"Background job registered: verifyPendingWithdrawals","timestamp":"2025-07-14T02:12:49.627Z"}
{"level":"info","message":"Withdrawal verification jobs started","timestamp":"2025-07-14T02:12:49.627Z"}
{"level":"info","message":"✅ Started job: verifyProcessingWithdrawals","timestamp":"2025-07-14T02:12:49.627Z"}
{"level":"info","message":"✅ Started job: verifyPendingWithdrawals","timestamp":"2025-07-14T02:12:49.627Z"}
{"level":"info","message":"Application startup completed successfully","timestamp":"2025-07-14T02:12:49.627Z"}
{"environment":"development","level":"info","memoryUsage":{"arrayBuffers":18773425,"external":22328699,"heapTotal":196575232,"heapUsed":66925752,"rss":215269376},"message":"Server started successfully","port":5001,"processId":60746,"timestamp":"2025-07-14T02:13:46.618Z"}
{"level":"info","message":"Enhanced startup information displayed","timestamp":"2025-07-14T02:13:48.793Z"}
{"error":"setUserAsAdmin is not a function","level":"error","message":"Admin setup failed","timestamp":"2025-07-14T02:13:49.616Z"}
{"level":"info","message":"Background job registered: verifyProcessingWithdrawals","timestamp":"2025-07-14T02:13:49.620Z"}
{"level":"info","message":"Background job registered: verifyPendingWithdrawals","timestamp":"2025-07-14T02:13:49.620Z"}
{"level":"info","message":"Withdrawal verification jobs started","timestamp":"2025-07-14T02:13:49.620Z"}
{"level":"info","message":"✅ Started job: verifyProcessingWithdrawals","timestamp":"2025-07-14T02:13:49.620Z"}
{"level":"info","message":"✅ Started job: verifyPendingWithdrawals","timestamp":"2025-07-14T02:13:49.621Z"}
{"level":"info","message":"Application startup completed successfully","timestamp":"2025-07-14T02:13:49.621Z"}
{"environment":"development","level":"info","memoryUsage":{"arrayBuffers":19100343,"external":22664129,"heapTotal":191856640,"heapUsed":78763904,"rss":165314560},"message":"Server started successfully","port":5001,"processId":60807,"timestamp":"2025-07-14T02:14:07.617Z"}
{"level":"info","message":"Enhanced startup information displayed","timestamp":"2025-07-14T02:14:07.966Z"}
{"error":"setUserAsAdmin is not a function","level":"error","message":"Admin setup failed","timestamp":"2025-07-14T02:14:10.617Z"}
{"level":"info","message":"Background job registered: verifyProcessingWithdrawals","timestamp":"2025-07-14T02:14:10.626Z"}
{"level":"info","message":"Background job registered: verifyPendingWithdrawals","timestamp":"2025-07-14T02:14:10.626Z"}
{"level":"info","message":"Withdrawal verification jobs started","timestamp":"2025-07-14T02:14:10.626Z"}
{"level":"info","message":"✅ Started job: verifyProcessingWithdrawals","timestamp":"2025-07-14T02:14:10.626Z"}
{"level":"info","message":"✅ Started job: verifyPendingWithdrawals","timestamp":"2025-07-14T02:14:10.626Z"}
{"level":"info","message":"Application startup completed successfully","timestamp":"2025-07-14T02:14:10.626Z"}
{"environment":"development","level":"info","memoryUsage":{"arrayBuffers":19100343,"external":22664129,"heapTotal":194215936,"heapUsed":79266192,"rss":175685632},"message":"Server started successfully","port":5001,"processId":61147,"timestamp":"2025-07-14T02:17:58.843Z"}
{"level":"info","message":"Enhanced startup information displayed","timestamp":"2025-07-14T02:17:59.287Z"}
{"error":"setUserAsAdmin is not a function","level":"error","message":"Admin setup failed","timestamp":"2025-07-14T02:18:01.845Z"}
{"level":"info","message":"Background job registered: verifyProcessingWithdrawals","timestamp":"2025-07-14T02:18:01.849Z"}
{"level":"info","message":"Background job registered: verifyPendingWithdrawals","timestamp":"2025-07-14T02:18:01.849Z"}
{"level":"info","message":"Withdrawal verification jobs started","timestamp":"2025-07-14T02:18:01.850Z"}
{"level":"info","message":"✅ Started job: verifyProcessingWithdrawals","timestamp":"2025-07-14T02:18:01.850Z"}
{"level":"info","message":"✅ Started job: verifyPendingWithdrawals","timestamp":"2025-07-14T02:18:01.850Z"}
{"level":"info","message":"Application startup completed successfully","timestamp":"2025-07-14T02:18:01.850Z"}
{"environment":"development","level":"info","memoryUsage":{"arrayBuffers":19100343,"external":22664129,"heapTotal":189497344,"heapUsed":79176760,"rss":166985728},"message":"Server started successfully","port":5001,"processId":61202,"timestamp":"2025-07-14T02:18:06.833Z"}
{"level":"info","message":"Enhanced startup information displayed","timestamp":"2025-07-14T02:18:09.146Z"}
{"error":"setUserAsAdmin is not a function","level":"error","message":"Admin setup failed","timestamp":"2025-07-14T02:18:09.833Z"}
{"level":"info","message":"Background job registered: verifyProcessingWithdrawals","timestamp":"2025-07-14T02:18:09.837Z"}
{"level":"info","message":"Background job registered: verifyPendingWithdrawals","timestamp":"2025-07-14T02:18:09.837Z"}
{"level":"info","message":"Withdrawal verification jobs started","timestamp":"2025-07-14T02:18:09.838Z"}
{"level":"info","message":"✅ Started job: verifyProcessingWithdrawals","timestamp":"2025-07-14T02:18:09.838Z"}
{"level":"info","message":"✅ Started job: verifyPendingWithdrawals","timestamp":"2025-07-14T02:18:09.838Z"}
{"level":"info","message":"Application startup completed successfully","timestamp":"2025-07-14T02:18:09.838Z"}
{"environment":"development","level":"info","memoryUsage":{"arrayBuffers":19100343,"external":22664129,"heapTotal":191856640,"heapUsed":79521416,"rss":175833088},"message":"Server started successfully","port":5001,"processId":61355,"timestamp":"2025-07-14T02:19:56.671Z"}
{"error":"setUserAsAdmin is not a function","level":"error","message":"Admin setup failed","timestamp":"2025-07-14T02:19:59.672Z"}
{"level":"info","message":"Background job registered: verifyProcessingWithdrawals","timestamp":"2025-07-14T02:19:59.678Z"}
{"level":"info","message":"Background job registered: verifyPendingWithdrawals","timestamp":"2025-07-14T02:19:59.679Z"}
{"level":"info","message":"Withdrawal verification jobs started","timestamp":"2025-07-14T02:19:59.679Z"}
{"level":"info","message":"✅ Started job: verifyProcessingWithdrawals","timestamp":"2025-07-14T02:19:59.679Z"}
{"level":"info","message":"✅ Started job: verifyPendingWithdrawals","timestamp":"2025-07-14T02:19:59.679Z"}
{"level":"info","message":"Application startup completed successfully","timestamp":"2025-07-14T02:19:59.679Z"}
